[信息] Aether Hyperion 内核启动序列开始...
[信息] 检测到 AMD 架构，但无 SVM 支持，启用软件模拟模式
[信息] 物理内存路由及地址空间总控部署完成
[信息] 高级可编程中断控制器架构已就位
[信息] 硬件兼容确认: 已识别 Intel VT-d (DMA 重定向能力)
[信息] IOMMU 硬件审计模块完全就绪，启动地址屏障
[信息] 内存语义总线 (MSB) 初始化完毕，融合 Capability 权限机制
[信息] 内存映射去重账本 (MMDL) 初始化完毕 (容量: 16 槽位，附带硬件卸载列阵与大页支持)
[信息] Fusion 桥接中心就绪 (最大支持 4 个后端)，包含 VirtIO-MSB 解析器
[信息] 软件模拟模式：禁用 syscall 指令 (EFER.SCE)
[信息] 软件模拟模式：设置 IDT 用于捕获 #UD 异常
[信息] 软件模拟模式：已进入模拟执行环境
[信息] 执行核间通信启动序列 (INIT-SIPI)
[信息] Aether Hyperion 内核启动序列开始...
[信息] 检测到 AMD 架构，但无 SVM 支持，启用软件模拟模式
[信息] 物理内存路由及地址空间总控部署完成
[信息] 高级可编程中断控制器架构已就位
[信息] 硬件兼容确认: 已识别 Intel VT-d (DMA 重定向能力)
[信息] IOMMU 硬件审计模块完全就绪，启动地址屏障
[信息] 内存语义总线 (MSB) 初始化完毕，融合 Capability 权限机制
[信息] 内存映射去重账本 (MMDL) 初始化完毕 (容量: 16 槽位，附带硬件卸载列阵与大页支持)
[信息] Fusion 桥接中心就绪 (最大支持 4 个后端)，包含 VirtIO-MSB 解析器
[信息] 软件模拟模式：禁用 syscall 指令 (EFER.SCE)
[信息] 软件模拟模式：设置 IDT 用于捕获 #UD 异常
[信息] 软件模拟模式：已进入模拟执行环境
[信息] 执行核间通信启动序列 (INIT-SIPI)
[信息] Aether Hyperion 内核启动序列开始...
[信息] 检测到 AMD 架构，但无 SVM 支持，启用软件模拟模式
[信息] 物理内存路由及地址空间总控部署完成
[信息] 高级可编程中断控制器架构已就位
[信息] 硬件兼容确认: 已识别 Intel VT-d (DMA 重定向能力)
[信息] IOMMU 硬件审计模块完全就绪，启动地址屏障
[信息] 内存语义总线 (MSB) 初始化完毕，融合 Capability 权限机制
[信息] 内存映射去重账本 (MMDL) 初始化完毕 (容量: 16 槽位，附带硬件卸载列阵与大页支持)
[信息] Fusion 桥接中心就绪 (最大支持 4 个后端)，包含 VirtIO-MSB 解析器
[信息] 软件模拟模式：禁用 syscall 指令 (EFER.SCE)
[信息] 软件模拟模式：设置 IDT 用于捕获 #UD 异常
[信息] 软件模拟模式：已进入模拟执行环境
[信息] 执行核间通信启动序列 (INIT-SIPI)
[信息] Aether Hyperion 内核启动序列开始...
[信息] 检测到 AMD 架构，但无 SVM 支持，启用软件模拟模式
[信息] 物理内存路由及地址空间总控部署完成
[信息] 高级可编程中断控制器架构已就位
[信息] 硬件兼容确认: 已识别 Intel VT-d (DMA 重定向能力)
[信息] IOMMU 硬件审计模块完全就绪，启动地址屏障
[信息] 内存语义总线 (MSB) 初始化完毕，融合 Capability 权限机制
[信息] 内存映射去重账本 (MMDL) 初始化完毕 (容量: 16 槽位，附带硬件卸载列阵与大页支持)
[信息] Fusion 桥接中心就绪 (最大支持 4 个后端)，包含 VirtIO-MSB 解析器
[信息] 软件模拟模式：禁用 syscall 指令 (EFER.SCE)
[信息] 软件模拟模式：设置 IDT 用于捕获 #UD 异常
[信息] 软件模拟模式：已进入模拟执行环境
[信息] 执行核间通信启动序列 (INIT-SIPI)
[信息] Aether Hyperion 内核启动序列开始...
[信息] 检测到 AMD 架构，但无 SVM 支持，启用软件模拟模式
[信息] 物理内存路由及地址空间总控部署完成
[信息] 高级可编程中断控制器架构已就位
[信息] 硬件兼容确认: 已识别 Intel VT-d (DMA 重定向能力)
[信息] IOMMU 硬件审计模块完全就绪，启动地址屏障
[信息] 内存语义总线 (MSB) 初始化完毕，融合 Capability 权限机制
[信息] 内存映射去重账本 (MMDL) 初始化完毕 (容量: 16 槽位，附带硬件卸载列阵与大页支持)
[信息] Fusion 桥接中心就绪 (最大支持 4 个后端)，包含 VirtIO-MSB 解析器
[信息] 软件模拟模式：禁用 syscall 指令 (EFER.SCE)
[信息] 软件模拟模式：设置 IDT 用于捕获 #UD 异常
[信息] 软件模拟模式：已进入模拟执行环境
[信息] 执行核间通信启动序列 (INIT-SIPI)
[信息] Aether Hyperion 内核启动序列开始...
[信息] 检测到 AMD 架构，但无 SVM 支持，启用软件模拟模式
[信息] 物理内存路由及地址空间总控部署完成
[信息] 高级可编程中断控制器架构已就位
[信息] 硬件兼容确认: 已识别 Intel VT-d (DMA 重定向能力)
[信息] IOMMU 硬件审计模块完全就绪，启动地址屏障
[信息] 内存语义总线 (MSB) 初始化完毕，融合 Capability 权限机制
[信息] 内存映射去重账本 (MMDL) 初始化完毕 (容量: 16 槽位，附带硬件卸载列阵与大页支持)
[信息] Fusion 桥接中心就绪 (最大支持 4 个后端)，包含 VirtIO-MSB 解析器
[信息] 软件模拟模式：禁用 syscall 指令 (EFER.SCE)
[信息] 软件模拟模式：设置 IDT 用于捕获 #UD 异常
[信息] 软件模拟模式：已进入模拟执行环境
[信息] 执行核间通信启动序列 (INIT-SIPI)
[信息] Aether Hyperion 内核启动序列开始...
[信息] 检测到 AMD 架构，但无 SVM 支持，启用软件模拟模式
[信息] 物理内存路由及地址空间总控部署完成
[信息] 高级可编程中断控制器架构已就位
[信息] 硬件兼容确认: 已识别 Intel VT-d (DMA 重定向能力)
[信息] IOMMU 硬件审计模块完全就绪，启动地址屏障
[信息] 内存语义总线 (MSB) 初始化完毕，融合 Capability 权限机制
[信息] 内存映射去重账本 (MMDL) 初始化完毕 (容量: 16 槽位，附带硬件卸载列阵与大页支持)
[信息] Fusion 桥接中心就绪 (最大支持 4 个后端)，包含 VirtIO-MSB 解析器
[信息] 软件模拟模式：禁用 syscall 指令 (EFER.SCE)
[信息] 软件模拟模式：设置 IDT 用于捕获 #UD 异常
[信息] 软件模拟模式：已进入模拟执行环境
[信息] 执行核间通信启动序列 (INIT-SIPI)
[信息] Aether Hyperion 内核启动序列开始...
[信息] 检测到 AMD 架构，但无 SVM 支持，启用软件模拟模式
